<?xml version="1.0" encoding="UTF-8" ?>
<testsuites>
    <testsuite name="LuaUnit" id="00001" package="" hostname="localhost" tests="47" timestamp="2017-09-22T14:03:37" time="0.000" errors="0" failures="1">
        <properties>
            <property name="Lua Version" value="Lua 5.1"/>
            <property name="LuaUnit Version" value="3.2"/>
        </properties>
        <testcase classname="TestResponse" name="TestResponse.test_GET_COMMS_MODE" time="0.000">
        </testcase>
        <testcase classname="TestResponse" name="TestResponse.test_GET_EARTHQUAKE_SENSOR_STATE" time="0.000">
        </testcase>
        <testcase classname="TestResponse" name="TestResponse.test_GET_ELECTRIC_QNT_VALUE" time="0.000">
        </testcase>
        <testcase classname="TestResponse" name="TestResponse.test_GET_LEAK_DETECT_RANGE" time="0.000">
        </testcase>
        <testcase classname="TestResponse" name="TestResponse.test_GET_MANUAL_RECOVER_ENABLE" time="0.000">
        </testcase>
        <testcase classname="TestResponse" name="TestResponse.test_GET_METER_CURRENT_PRESSURE" time="0.000">
        </testcase>
        <testcase classname="TestResponse" name="TestResponse.test_GET_METER_CUSTOMERID" time="0.000">
        </testcase>
        <testcase classname="TestResponse" name="TestResponse.test_GET_METER_FIRMWARE_VERSION" time="0.000">
        </testcase>
        <testcase classname="TestResponse" name="TestResponse.test_GET_METER_GAS_VALVE_STATE" time="0.000">
        </testcase>
        <testcase classname="TestResponse" name="TestResponse.test_GET_METER_READING_VALUE" time="0.000">
        </testcase>
        <testcase classname="TestResponse" name="TestResponse.test_GET_METER_SERIAL_NUMBER" time="0.000">
        </testcase>
        <testcase classname="TestResponse" name="TestResponse.test_GET_METER_SHUTOFF_CODES" time="0.000">
        </testcase>
        <testcase classname="TestResponse" name="TestResponse.test_GET_METER_STATUS" time="0.000">
        </testcase>
        <testcase classname="TestResponse" name="TestResponse.test_GET_METER_SUMMATION_DELIVERED" time="0.000">
            <failure type=".\tst\test_unit.lua:27: expected: 1, actual: 0">
                <![CDATA[stack traceback:
	.\tst\test_unit.lua:27: in function 'TestResponse.test_GET_METER_SUMMATION_DELIVERED']]></failure>
        </testcase>
        <testcase classname="TestResponse" name="TestResponse.test_GET_METER_TYPE" time="0.000">
        </testcase>
        <testcase classname="TestResponse" name="TestResponse.test_GET_NIC_BATTERY_LIFE" time="0.000">
        </testcase>
        <testcase classname="TestResponse" name="TestResponse.test_GET_NIC_TIME" time="0.000">
        </testcase>
        <testcase classname="TestResponse" name="TestResponse.test_GET_NIC_VERSION" time="0.000">
        </testcase>
        <testcase classname="TestResponse" name="TestResponse.test_GET_OFLOW_DETECT_DURATION" time="0.000">
        </testcase>
        <testcase classname="TestResponse" name="TestResponse.test_GET_OFLOW_DETECT_ENABLE" time="0.000">
        </testcase>
        <testcase classname="TestResponse" name="TestResponse.test_GET_OFLOW_DETECT_RATE" time="0.000">
        </testcase>
        <testcase classname="TestResponse" name="TestResponse.test_GET_PILOT_LIGHT_MODE" time="0.000">
        </testcase>
        <testcase classname="TestResponse" name="TestResponse.test_GET_PRESSURE_ALARM_LEVEL_HIGH" time="0.000">
        </testcase>
        <testcase classname="TestResponse" name="TestResponse.test_GET_PRESSURE_ALARM_LEVEL_LOW" time="0.000">
        </testcase>
        <testcase classname="TestResponse" name="TestResponse.test_GET_PRESSURE_REPORT_INTERVAL" time="0.000">
        </testcase>
        <testcase classname="TestResponse" name="TestResponse.test_GET_PROTOCOL_VERSION" time="0.000">
        </testcase>
        <testcase classname="TestResponse" name="TestResponse.test_GET_SUMMATION_REPORT_INTERVAL" time="0.000">
        </testcase>
        <testcase classname="TestResponse" name="TestResponse.test_SET_COMMS_MODE" time="0.000">
        </testcase>
        <testcase classname="TestResponse" name="TestResponse.test_SET_CONFIG_CENTER_SHUTDOWN" time="0.000">
        </testcase>
        <testcase classname="TestResponse" name="TestResponse.test_SET_CONFIG_DISABLE_CENTER_SHUTDOWN" time="0.000">
        </testcase>
        <testcase classname="TestResponse" name="TestResponse.test_SET_EARTHQUAKE_SENSOR_STATE" time="0.000">
        </testcase>
        <testcase classname="TestResponse" name="TestResponse.test_SET_LEAK_DETECT_RANGE" time="0.000">
        </testcase>
        <testcase classname="TestResponse" name="TestResponse.test_SET_MANUAL_RECOVER_ENABLE" time="0.000">
        </testcase>
        <testcase classname="TestResponse" name="TestResponse.test_SET_METER_CUSTOMERID" time="0.000">
        </testcase>
        <testcase classname="TestResponse" name="TestResponse.test_SET_METER_GAS_VALVE_STATE" time="0.000">
        </testcase>
        <testcase classname="TestResponse" name="TestResponse.test_SET_METER_READING_VALUE" time="0.000">
        </testcase>
        <testcase classname="TestResponse" name="TestResponse.test_SET_METER_SERIAL_NUMBER" time="0.000">
        </testcase>
        <testcase classname="TestResponse" name="TestResponse.test_SET_METER_STATUS" time="0.000">
        </testcase>
        <testcase classname="TestResponse" name="TestResponse.test_SET_NIC_MODE" time="0.000">
        </testcase>
        <testcase classname="TestResponse" name="TestResponse.test_SET_NIC_SCHEDULE" time="0.000">
        </testcase>
        <testcase classname="TestResponse" name="TestResponse.test_SET_OFLOW_DETECT_DURATION" time="0.000">
        </testcase>
        <testcase classname="TestResponse" name="TestResponse.test_SET_OFLOW_DETECT_ENABLE" time="0.000">
        </testcase>
        <testcase classname="TestResponse" name="TestResponse.test_SET_OFLOW_DETECT_RATE" time="0.000">
        </testcase>
        <testcase classname="TestResponse" name="TestResponse.test_SET_PILOT_LIGHT_MODE" time="0.000">
        </testcase>
        <testcase classname="TestResponse" name="TestResponse.test_SET_PRESSURE_ALARM_LEVEL_HIGH" time="0.000">
        </testcase>
        <testcase classname="TestResponse" name="TestResponse.test_SET_PRESSURE_ALARM_LEVEL_LOW" time="0.000">
        </testcase>
        <testcase classname="TestResponse" name="TestResponse.test_SET_PRESSURE_REPORT_INTERVAL" time="0.000">
        </testcase>
    <system-out/>
    <system-err/>
    </testsuite>
</testsuites>
