<?xml version="1.0" encoding="UTF-8" ?>
<testsuites>
    <testsuite name="LuaUnit" id="00001" package="" hostname="localhost" tests="1" timestamp="2017-09-13T15:18:40" time="0.015" errors="0" failures="0">
        <properties>
            <property name="Lua Version" value="Lua 5.1"/>
            <property name="LuaUnit Version" value="3.2"/>
        </properties>
        <testcase classname="TestResponse" name="TestResponse.testResponse" time="0.000">
        </testcase>
    <system-out/>
    <system-err/>
    </testsuite>
</testsuites>
<?xml version="1.0" encoding="UTF-8" ?>
<testsuites>
    <testsuite name="LuaUnit" id="00001" package="" hostname="localhost" tests="1" timestamp="2017-09-13T15:18:40" time="0.016" errors="0" failures="0">
        <properties>
            <property name="Lua Version" value="Lua 5.1"/>
            <property name="LuaUnit Version" value="3.2"/>
        </properties>
        <testcase classname="TestResponse" name="TestResponse.testResponse" time="0.000">
        </testcase>
    <system-out/>
    <system-err/>
    </testsuite>
</testsuites>
<?xml version="1.0" encoding="UTF-8" ?>
<testsuites>
    <testsuite name="LuaUnit" id="00001" package="" hostname="localhost" tests="1" timestamp="2017-09-13T15:18:40" time="0.000" errors="0" failures="0">
        <properties>
            <property name="Lua Version" value="Lua 5.1"/>
            <property name="LuaUnit Version" value="3.2"/>
        </properties>
        <testcase classname="TestResponse" name="TestResponse.testResponse" time="0.000">
        </testcase>
    <system-out/>
    <system-err/>
    </testsuite>
</testsuites>
<?xml version="1.0" encoding="UTF-8" ?>
<testsuites>
    <testsuite name="LuaUnit" id="00001" package="" hostname="localhost" tests="1" timestamp="2017-09-13T15:18:40" time="0.000" errors="0" failures="0">
        <properties>
            <property name="Lua Version" value="Lua 5.1"/>
            <property name="LuaUnit Version" value="3.2"/>
        </properties>
        <testcase classname="TestResponse" name="TestResponse.testResponse" time="0.000">
        </testcase>
    <system-out/>
    <system-err/>
    </testsuite>
</testsuites>
<?xml version="1.0" encoding="UTF-8" ?>
<testsuites>
    <testsuite name="LuaUnit" id="00001" package="" hostname="localhost" tests="1" timestamp="2017-09-13T15:18:40" time="0.000" errors="0" failures="0">
        <properties>
            <property name="Lua Version" value="Lua 5.1"/>
            <property name="LuaUnit Version" value="3.2"/>
        </properties>
        <testcase classname="TestResponse" name="TestResponse.testResponse" time="0.000">
        </testcase>
    <system-out/>
    <system-err/>
    </testsuite>
</testsuites>
<?xml version="1.0" encoding="UTF-8" ?>
<testsuites>
    <testsuite name="LuaUnit" id="00001" package="" hostname="localhost" tests="1" timestamp="2017-09-13T15:18:40" time="0.000" errors="0" failures="0">
        <properties>
            <property name="Lua Version" value="Lua 5.1"/>
            <property name="LuaUnit Version" value="3.2"/>
        </properties>
        <testcase classname="TestResponse" name="TestResponse.testResponse" time="0.000">
        </testcase>
    <system-out/>
    <system-err/>
    </testsuite>
</testsuites>
<?xml version="1.0" encoding="UTF-8" ?>
<testsuites>
    <testsuite name="LuaUnit" id="00001" package="" hostname="localhost" tests="1" timestamp="2017-09-13T15:18:40" time="0.016" errors="0" failures="0">
        <properties>
            <property name="Lua Version" value="Lua 5.1"/>
            <property name="LuaUnit Version" value="3.2"/>
        </properties>
        <testcase classname="TestResponse" name="TestResponse.testResponse" time="0.000">
        </testcase>
    <system-out/>
    <system-err/>
    </testsuite>
</testsuites>
<?xml version="1.0" encoding="UTF-8" ?>
<testsuites>
    <testsuite name="LuaUnit" id="00001" package="" hostname="localhost" tests="1" timestamp="2017-09-13T15:18:40" time="0.000" errors="0" failures="0">
        <properties>
            <property name="Lua Version" value="Lua 5.1"/>
            <property name="LuaUnit Version" value="3.2"/>
        </properties>
        <testcase classname="TestResponse" name="TestResponse.testResponse" time="0.000">
        </testcase>
    <system-out/>
    <system-err/>
    </testsuite>
</testsuites>
<?xml version="1.0" encoding="UTF-8" ?>
<testsuites>
    <testsuite name="LuaUnit" id="00001" package="" hostname="localhost" tests="1" timestamp="2017-09-13T15:18:40" time="0.000" errors="0" failures="0">
        <properties>
            <property name="Lua Version" value="Lua 5.1"/>
            <property name="LuaUnit Version" value="3.2"/>
        </properties>
        <testcase classname="TestResponse" name="TestResponse.testResponse" time="0.000">
        </testcase>
    <system-out/>
    <system-err/>
    </testsuite>
</testsuites>
<?xml version="1.0" encoding="UTF-8" ?>
<testsuites>
    <testsuite name="LuaUnit" id="00001" package="" hostname="localhost" tests="1" timestamp="2017-09-13T15:18:40" time="0.000" errors="0" failures="0">
        <properties>
            <property name="Lua Version" value="Lua 5.1"/>
            <property name="LuaUnit Version" value="3.2"/>
        </properties>
        <testcase classname="TestResponse" name="TestResponse.testResponse" time="0.000">
        </testcase>
    <system-out/>
    <system-err/>
    </testsuite>
</testsuites>
<?xml version="1.0" encoding="UTF-8" ?>
<testsuites>
    <testsuite name="LuaUnit" id="00001" package="" hostname="localhost" tests="1" timestamp="2017-09-13T15:18:40" time="0.000" errors="0" failures="0">
        <properties>
            <property name="Lua Version" value="Lua 5.1"/>
            <property name="LuaUnit Version" value="3.2"/>
        </properties>
        <testcase classname="TestResponse" name="TestResponse.testResponse" time="0.000">
        </testcase>
    <system-out/>
    <system-err/>
    </testsuite>
</testsuites>
<?xml version="1.0" encoding="UTF-8" ?>
<testsuites>
    <testsuite name="LuaUnit" id="00001" package="" hostname="localhost" tests="1" timestamp="2017-09-13T15:18:40" time="0.000" errors="0" failures="0">
        <properties>
            <property name="Lua Version" value="Lua 5.1"/>
            <property name="LuaUnit Version" value="3.2"/>
        </properties>
        <testcase classname="TestResponse" name="TestResponse.testResponse" time="0.000">
        </testcase>
    <system-out/>
    <system-err/>
    </testsuite>
</testsuites>
<?xml version="1.0" encoding="UTF-8" ?>
<testsuites>
    <testsuite name="LuaUnit" id="00001" package="" hostname="localhost" tests="1" timestamp="2017-09-13T15:18:40" time="0.000" errors="0" failures="0">
        <properties>
            <property name="Lua Version" value="Lua 5.1"/>
            <property name="LuaUnit Version" value="3.2"/>
        </properties>
        <testcase classname="TestResponse" name="TestResponse.testResponse" time="0.000">
        </testcase>
    <system-out/>
    <system-err/>
    </testsuite>
</testsuites>
<?xml version="1.0" encoding="UTF-8" ?>
<testsuites>
    <testsuite name="LuaUnit" id="00001" package="" hostname="localhost" tests="1" timestamp="2017-09-13T15:18:40" time="0.000" errors="0" failures="0">
        <properties>
            <property name="Lua Version" value="Lua 5.1"/>
            <property name="LuaUnit Version" value="3.2"/>
        </properties>
        <testcase classname="TestResponse" name="TestResponse.testResponse" time="0.000">
        </testcase>
    <system-out/>
    <system-err/>
    </testsuite>
</testsuites>
<?xml version="1.0" encoding="UTF-8" ?>
<testsuites>
    <testsuite name="LuaUnit" id="00001" package="" hostname="localhost" tests="1" timestamp="2017-09-13T15:18:40" time="0.000" errors="0" failures="0">
        <properties>
            <property name="Lua Version" value="Lua 5.1"/>
            <property name="LuaUnit Version" value="3.2"/>
        </properties>
        <testcase classname="TestResponse" name="TestResponse.testResponse" time="0.000">
        </testcase>
    <system-out/>
    <system-err/>
    </testsuite>
</testsuites>
<?xml version="1.0" encoding="UTF-8" ?>
<testsuites>
    <testsuite name="LuaUnit" id="00001" package="" hostname="localhost" tests="1" timestamp="2017-09-13T15:18:40" time="0.000" errors="0" failures="0">
        <properties>
            <property name="Lua Version" value="Lua 5.1"/>
            <property name="LuaUnit Version" value="3.2"/>
        </properties>
        <testcase classname="TestResponse" name="TestResponse.testResponse" time="0.000">
        </testcase>
    <system-out/>
    <system-err/>
    </testsuite>
</testsuites>
<?xml version="1.0" encoding="UTF-8" ?>
<testsuites>
    <testsuite name="LuaUnit" id="00001" package="" hostname="localhost" tests="1" timestamp="2017-09-13T15:18:40" time="0.000" errors="0" failures="0">
        <properties>
            <property name="Lua Version" value="Lua 5.1"/>
            <property name="LuaUnit Version" value="3.2"/>
        </properties>
        <testcase classname="TestResponse" name="TestResponse.testResponse" time="0.000">
        </testcase>
    <system-out/>
    <system-err/>
    </testsuite>
</testsuites>
<?xml version="1.0" encoding="UTF-8" ?>
<testsuites>
    <testsuite name="LuaUnit" id="00001" package="" hostname="localhost" tests="1" timestamp="2017-09-13T15:18:40" time="0.015" errors="0" failures="0">
        <properties>
            <property name="Lua Version" value="Lua 5.1"/>
            <property name="LuaUnit Version" value="3.2"/>
        </properties>
        <testcase classname="TestResponse" name="TestResponse.testResponse" time="0.015">
        </testcase>
    <system-out/>
    <system-err/>
    </testsuite>
</testsuites>
<?xml version="1.0" encoding="UTF-8" ?>
<testsuites>
    <testsuite name="LuaUnit" id="00001" package="" hostname="localhost" tests="1" timestamp="2017-09-13T15:18:40" time="0.000" errors="0" failures="0">
        <properties>
            <property name="Lua Version" value="Lua 5.1"/>
            <property name="LuaUnit Version" value="3.2"/>
        </properties>
        <testcase classname="TestResponse" name="TestResponse.testResponse" time="0.000">
        </testcase>
    <system-out/>
    <system-err/>
    </testsuite>
</testsuites>
<?xml version="1.0" encoding="UTF-8" ?>
<testsuites>
    <testsuite name="LuaUnit" id="00001" package="" hostname="localhost" tests="1" timestamp="2017-09-13T15:18:40" time="0.000" errors="0" failures="0">
        <properties>
            <property name="Lua Version" value="Lua 5.1"/>
            <property name="LuaUnit Version" value="3.2"/>
        </properties>
        <testcase classname="TestResponse" name="TestResponse.testResponse" time="0.000">
        </testcase>
    <system-out/>
    <system-err/>
    </testsuite>
</testsuites>
<?xml version="1.0" encoding="UTF-8" ?>
<testsuites>
    <testsuite name="LuaUnit" id="00001" package="" hostname="localhost" tests="1" timestamp="2017-09-13T15:18:40" time="0.000" errors="0" failures="0">
        <properties>
            <property name="Lua Version" value="Lua 5.1"/>
            <property name="LuaUnit Version" value="3.2"/>
        </properties>
        <testcase classname="TestResponse" name="TestResponse.testResponse" time="0.000">
        </testcase>
    <system-out/>
    <system-err/>
    </testsuite>
</testsuites>
<?xml version="1.0" encoding="UTF-8" ?>
<testsuites>
    <testsuite name="LuaUnit" id="00001" package="" hostname="localhost" tests="1" timestamp="2017-09-13T15:18:40" time="0.000" errors="0" failures="0">
        <properties>
            <property name="Lua Version" value="Lua 5.1"/>
            <property name="LuaUnit Version" value="3.2"/>
        </properties>
        <testcase classname="TestResponse" name="TestResponse.testResponse" time="0.000">
        </testcase>
    <system-out/>
    <system-err/>
    </testsuite>
</testsuites>
<?xml version="1.0" encoding="UTF-8" ?>
<testsuites>
    <testsuite name="LuaUnit" id="00001" package="" hostname="localhost" tests="1" timestamp="2017-09-13T15:18:40" time="0.000" errors="0" failures="0">
        <properties>
            <property name="Lua Version" value="Lua 5.1"/>
            <property name="LuaUnit Version" value="3.2"/>
        </properties>
        <testcase classname="TestResponse" name="TestResponse.testResponse" time="0.000">
        </testcase>
    <system-out/>
    <system-err/>
    </testsuite>
</testsuites>
<?xml version="1.0" encoding="UTF-8" ?>
<testsuites>
    <testsuite name="LuaUnit" id="00001" package="" hostname="localhost" tests="1" timestamp="2017-09-13T15:18:40" time="0.000" errors="0" failures="0">
        <properties>
            <property name="Lua Version" value="Lua 5.1"/>
            <property name="LuaUnit Version" value="3.2"/>
        </properties>
        <testcase classname="TestResponse" name="TestResponse.testResponse" time="0.000">
        </testcase>
    <system-out/>
    <system-err/>
    </testsuite>
</testsuites>
<?xml version="1.0" encoding="UTF-8" ?>
<testsuites>
    <testsuite name="LuaUnit" id="00001" package="" hostname="localhost" tests="1" timestamp="2017-09-13T15:18:40" time="0.000" errors="0" failures="0">
        <properties>
            <property name="Lua Version" value="Lua 5.1"/>
            <property name="LuaUnit Version" value="3.2"/>
        </properties>
        <testcase classname="TestResponse" name="TestResponse.testResponse" time="0.000">
        </testcase>
    <system-out/>
    <system-err/>
    </testsuite>
</testsuites>
<?xml version="1.0" encoding="UTF-8" ?>
<testsuites>
    <testsuite name="LuaUnit" id="00001" package="" hostname="localhost" tests="1" timestamp="2017-09-13T15:18:40" time="0.000" errors="0" failures="0">
        <properties>
            <property name="Lua Version" value="Lua 5.1"/>
            <property name="LuaUnit Version" value="3.2"/>
        </properties>
        <testcase classname="TestResponse" name="TestResponse.testResponse" time="0.000">
        </testcase>
    <system-out/>
    <system-err/>
    </testsuite>
</testsuites>
<?xml version="1.0" encoding="UTF-8" ?>
<testsuites>
    <testsuite name="LuaUnit" id="00001" package="" hostname="localhost" tests="1" timestamp="2017-09-13T15:18:40" time="0.000" errors="0" failures="0">
        <properties>
            <property name="Lua Version" value="Lua 5.1"/>
            <property name="LuaUnit Version" value="3.2"/>
        </properties>
        <testcase classname="TestResponse" name="TestResponse.testResponse" time="0.000">
        </testcase>
    <system-out/>
    <system-err/>
    </testsuite>
</testsuites>
<?xml version="1.0" encoding="UTF-8" ?>
<testsuites>
    <testsuite name="LuaUnit" id="00001" package="" hostname="localhost" tests="1" timestamp="2017-09-13T15:18:40" time="0.000" errors="0" failures="0">
        <properties>
            <property name="Lua Version" value="Lua 5.1"/>
            <property name="LuaUnit Version" value="3.2"/>
        </properties>
        <testcase classname="TestResponse" name="TestResponse.testResponse" time="0.000">
        </testcase>
    <system-out/>
    <system-err/>
    </testsuite>
</testsuites>
<?xml version="1.0" encoding="UTF-8" ?>
<testsuites>
    <testsuite name="LuaUnit" id="00001" package="" hostname="localhost" tests="1" timestamp="2017-09-13T15:18:40" time="0.000" errors="0" failures="0">
        <properties>
            <property name="Lua Version" value="Lua 5.1"/>
            <property name="LuaUnit Version" value="3.2"/>
        </properties>
        <testcase classname="TestResponse" name="TestResponse.testResponse" time="0.000">
        </testcase>
    <system-out/>
    <system-err/>
    </testsuite>
</testsuites>
<?xml version="1.0" encoding="UTF-8" ?>
<testsuites>
    <testsuite name="LuaUnit" id="00001" package="" hostname="localhost" tests="1" timestamp="2017-09-13T15:18:40" time="0.000" errors="0" failures="0">
        <properties>
            <property name="Lua Version" value="Lua 5.1"/>
            <property name="LuaUnit Version" value="3.2"/>
        </properties>
        <testcase classname="TestResponse" name="TestResponse.testResponse" time="0.000">
        </testcase>
    <system-out/>
    <system-err/>
    </testsuite>
</testsuites>
<?xml version="1.0" encoding="UTF-8" ?>
<testsuites>
    <testsuite name="LuaUnit" id="00001" package="" hostname="localhost" tests="1" timestamp="2017-09-13T15:18:40" time="0.000" errors="0" failures="0">
        <properties>
            <property name="Lua Version" value="Lua 5.1"/>
            <property name="LuaUnit Version" value="3.2"/>
        </properties>
        <testcase classname="TestResponse" name="TestResponse.testResponse" time="0.000">
        </testcase>
    <system-out/>
    <system-err/>
    </testsuite>
</testsuites>
<?xml version="1.0" encoding="UTF-8" ?>
<testsuites>
    <testsuite name="LuaUnit" id="00001" package="" hostname="localhost" tests="1" timestamp="2017-09-13T15:18:40" time="0.016" errors="0" failures="0">
        <properties>
            <property name="Lua Version" value="Lua 5.1"/>
            <property name="LuaUnit Version" value="3.2"/>
        </properties>
        <testcase classname="TestResponse" name="TestResponse.testResponse" time="0.000">
        </testcase>
    <system-out/>
    <system-err/>
    </testsuite>
</testsuites>
<?xml version="1.0" encoding="UTF-8" ?>
<testsuites>
    <testsuite name="LuaUnit" id="00001" package="" hostname="localhost" tests="1" timestamp="2017-09-13T15:18:40" time="0.000" errors="0" failures="0">
        <properties>
            <property name="Lua Version" value="Lua 5.1"/>
            <property name="LuaUnit Version" value="3.2"/>
        </properties>
        <testcase classname="TestResponse" name="TestResponse.testResponse" time="0.000">
        </testcase>
    <system-out/>
    <system-err/>
    </testsuite>
</testsuites>
<?xml version="1.0" encoding="UTF-8" ?>
<testsuites>
    <testsuite name="LuaUnit" id="00001" package="" hostname="localhost" tests="1" timestamp="2017-09-13T15:18:40" time="0.000" errors="0" failures="0">
        <properties>
            <property name="Lua Version" value="Lua 5.1"/>
            <property name="LuaUnit Version" value="3.2"/>
        </properties>
        <testcase classname="TestResponse" name="TestResponse.testResponse" time="0.000">
        </testcase>
    <system-out/>
    <system-err/>
    </testsuite>
</testsuites>
<?xml version="1.0" encoding="UTF-8" ?>
<testsuites>
    <testsuite name="LuaUnit" id="00001" package="" hostname="localhost" tests="1" timestamp="2017-09-13T15:18:40" time="0.000" errors="0" failures="0">
        <properties>
            <property name="Lua Version" value="Lua 5.1"/>
            <property name="LuaUnit Version" value="3.2"/>
        </properties>
        <testcase classname="TestResponse" name="TestResponse.testResponse" time="0.000">
        </testcase>
    <system-out/>
    <system-err/>
    </testsuite>
</testsuites>
<?xml version="1.0" encoding="UTF-8" ?>
<testsuites>
    <testsuite name="LuaUnit" id="00001" package="" hostname="localhost" tests="1" timestamp="2017-09-13T15:18:40" time="0.000" errors="0" failures="0">
        <properties>
            <property name="Lua Version" value="Lua 5.1"/>
            <property name="LuaUnit Version" value="3.2"/>
        </properties>
        <testcase classname="TestResponse" name="TestResponse.testResponse" time="0.000">
        </testcase>
    <system-out/>
    <system-err/>
    </testsuite>
</testsuites>
